<?xml version="1.0" encoding="UTF-8" ?>
<testsuite tests="4" failures="0" name="com.ifpe.ts.testes.piramide.FacadeTest" time="0.066" errors="0" skipped="0">
  <properties>
[...]
</properties>
  <testcase classname="com.ifpe.ts.testes.piramide.FacadeTest" name="removerProfessorTest" time="0.018"/>
  <testcase classname="com.ifpe.ts.testes.piramide.FacadeTest" name="insertitemTest" time="0.023"/>
  <testcase classname="com.ifpe.ts.testes.piramide.FacadeTest" name="insertProfessorTest" time="0.025"/>
  <testcase classname="com.ifpe.ts.testes.piramide.FacadeTest" name="removeritemTest" time="0"/>
</testsuite>